{"C:\\dev\\new\\stellar-burgers\\src\\services\\slices\\authSlice.ts": {"path":"C:\\dev\\new\\stellar-burgers\\src\\services\\slices\\authSlice.ts","all":false,"statementMap":{"0":{"start":{"line":1,"column":0},"end":{"line":1,"column":8}},"1":{"start":{"line":2,"column":0},"end":{"line":2,"column":19}},"2":{"start":{"line":3,"column":0},"end":{"line":3,"column":14}},"3":{"start":{"line":4,"column":0},"end":{"line":4,"column":17}},"4":{"start":{"line":5,"column":0},"end":{"line":5,"column":26}},"5":{"start":{"line":6,"column":0},"end":{"line":6,"column":0}},"6":{"start":{"line":7,"column":0},"end":{"line":7,"column":8}},"7":{"start":{"line":8,"column":0},"end":{"line":8,"column":13}},"8":{"start":{"line":9,"column":0},"end":{"line":9,"column":16}},"9":{"start":{"line":10,"column":0},"end":{"line":10,"column":13}},"10":{"start":{"line":11,"column":0},"end":{"line":11,"column":15}},"11":{"start":{"line":12,"column":0},"end":{"line":12,"column":12}},"12":{"start":{"line":13,"column":0},"end":{"line":13,"column":18}},"13":{"start":{"line":14,"column":0},"end":{"line":14,"column":15}},"14":{"start":{"line":15,"column":0},"end":{"line":15,"column":14}},"15":{"start":{"line":16,"column":0},"end":{"line":16,"column":0}},"16":{"start":{"line":17,"column":0},"end":{"line":17,"column":37}},"17":{"start":{"line":18,"column":0},"end":{"line":18,"column":0}},"18":{"start":{"line":19,"column":0},"end":{"line":19,"column":61}},"19":{"start":{"line":20,"column":0},"end":{"line":20,"column":0}},"20":{"start":{"line":21,"column":0},"end":{"line":21,"column":27}},"21":{"start":{"line":22,"column":0},"end":{"line":22,"column":30}},"22":{"start":{"line":23,"column":0},"end":{"line":23,"column":42}},"23":{"start":{"line":24,"column":0},"end":{"line":24,"column":2}},"24":{"start":{"line":25,"column":0},"end":{"line":25,"column":0}},"25":{"start":{"line":26,"column":0},"end":{"line":26,"column":68}},"26":{"start":{"line":27,"column":0},"end":{"line":27,"column":38}},"27":{"start":{"line":28,"column":0},"end":{"line":28,"column":38}},"28":{"start":{"line":29,"column":0},"end":{"line":29,"column":3}},"29":{"start":{"line":30,"column":0},"end":{"line":30,"column":40}},"30":{"start":{"line":31,"column":0},"end":{"line":31,"column":53}},"31":{"start":{"line":32,"column":0},"end":{"line":32,"column":2}},"32":{"start":{"line":33,"column":0},"end":{"line":33,"column":0}},"33":{"start":{"line":34,"column":0},"end":{"line":34,"column":19}},"34":{"start":{"line":35,"column":0},"end":{"line":35,"column":25}},"35":{"start":{"line":36,"column":0},"end":{"line":36,"column":27}},"36":{"start":{"line":37,"column":0},"end":{"line":37,"column":31}},"37":{"start":{"line":38,"column":0},"end":{"line":38,"column":34}},"38":{"start":{"line":39,"column":0},"end":{"line":39,"column":30}},"39":{"start":{"line":40,"column":0},"end":{"line":40,"column":21}},"40":{"start":{"line":41,"column":0},"end":{"line":41,"column":14}},"41":{"start":{"line":42,"column":0},"end":{"line":42,"column":2}},"42":{"start":{"line":43,"column":0},"end":{"line":43,"column":0}},"43":{"start":{"line":44,"column":0},"end":{"line":44,"column":41}},"44":{"start":{"line":45,"column":0},"end":{"line":45,"column":23}},"45":{"start":{"line":46,"column":0},"end":{"line":46,"column":25}},"46":{"start":{"line":47,"column":0},"end":{"line":47,"column":19}},"47":{"start":{"line":48,"column":0},"end":{"line":48,"column":9}},"48":{"start":{"line":49,"column":0},"end":{"line":49,"column":13}},"49":{"start":{"line":50,"column":0},"end":{"line":50,"column":13}},"50":{"start":{"line":51,"column":0},"end":{"line":51,"column":3}},"51":{"start":{"line":52,"column":0},"end":{"line":52,"column":2}},"52":{"start":{"line":53,"column":0},"end":{"line":53,"column":0}},"53":{"start":{"line":54,"column":0},"end":{"line":54,"column":49}},"54":{"start":{"line":55,"column":0},"end":{"line":55,"column":19}},"55":{"start":{"line":56,"column":0},"end":{"line":56,"column":37}},"56":{"start":{"line":57,"column":0},"end":{"line":57,"column":40}},"57":{"start":{"line":58,"column":0},"end":{"line":58,"column":74}},"58":{"start":{"line":59,"column":0},"end":{"line":59,"column":3}},"59":{"start":{"line":60,"column":0},"end":{"line":60,"column":2}},"60":{"start":{"line":61,"column":0},"end":{"line":61,"column":0}},"61":{"start":{"line":62,"column":0},"end":{"line":62,"column":74}},"62":{"start":{"line":63,"column":0},"end":{"line":63,"column":20}},"63":{"start":{"line":64,"column":0},"end":{"line":64,"column":44}},"64":{"start":{"line":65,"column":0},"end":{"line":65,"column":51}},"65":{"start":{"line":66,"column":0},"end":{"line":66,"column":74}},"66":{"start":{"line":67,"column":0},"end":{"line":67,"column":3}},"67":{"start":{"line":68,"column":0},"end":{"line":68,"column":2}},"68":{"start":{"line":69,"column":0},"end":{"line":69,"column":0}},"69":{"start":{"line":70,"column":0},"end":{"line":70,"column":63}},"70":{"start":{"line":71,"column":0},"end":{"line":71,"column":18}},"71":{"start":{"line":72,"column":0},"end":{"line":72,"column":44}},"72":{"start":{"line":73,"column":0},"end":{"line":73,"column":53}},"73":{"start":{"line":74,"column":0},"end":{"line":74,"column":29}},"74":{"start":{"line":75,"column":0},"end":{"line":75,"column":39}},"75":{"start":{"line":76,"column":0},"end":{"line":76,"column":5}},"76":{"start":{"line":77,"column":0},"end":{"line":77,"column":61}},"77":{"start":{"line":78,"column":0},"end":{"line":78,"column":25}},"78":{"start":{"line":79,"column":0},"end":{"line":79,"column":3}},"79":{"start":{"line":80,"column":0},"end":{"line":80,"column":2}},"80":{"start":{"line":81,"column":0},"end":{"line":81,"column":0}},"81":{"start":{"line":82,"column":0},"end":{"line":82,"column":57}},"82":{"start":{"line":83,"column":0},"end":{"line":83,"column":15}},"83":{"start":{"line":84,"column":0},"end":{"line":84,"column":45}},"84":{"start":{"line":85,"column":0},"end":{"line":85,"column":51}},"85":{"start":{"line":86,"column":0},"end":{"line":86,"column":29}},"86":{"start":{"line":87,"column":0},"end":{"line":87,"column":39}},"87":{"start":{"line":88,"column":0},"end":{"line":88,"column":5}},"88":{"start":{"line":89,"column":0},"end":{"line":89,"column":61}},"89":{"start":{"line":90,"column":0},"end":{"line":90,"column":25}},"90":{"start":{"line":91,"column":0},"end":{"line":91,"column":3}},"91":{"start":{"line":92,"column":0},"end":{"line":92,"column":2}},"92":{"start":{"line":93,"column":0},"end":{"line":93,"column":0}},"93":{"start":{"line":94,"column":0},"end":{"line":94,"column":39}},"94":{"start":{"line":95,"column":0},"end":{"line":95,"column":16}},"95":{"start":{"line":96,"column":0},"end":{"line":96,"column":37}},"96":{"start":{"line":97,"column":0},"end":{"line":97,"column":39}},"97":{"start":{"line":98,"column":0},"end":{"line":98,"column":29}},"98":{"start":{"line":99,"column":0},"end":{"line":99,"column":39}},"99":{"start":{"line":100,"column":0},"end":{"line":100,"column":5}},"100":{"start":{"line":101,"column":0},"end":{"line":101,"column":18}},"101":{"start":{"line":102,"column":0},"end":{"line":102,"column":3}},"102":{"start":{"line":103,"column":0},"end":{"line":103,"column":2}},"103":{"start":{"line":104,"column":0},"end":{"line":104,"column":0}},"104":{"start":{"line":105,"column":0},"end":{"line":105,"column":31}},"105":{"start":{"line":106,"column":0},"end":{"line":106,"column":15}},"106":{"start":{"line":107,"column":0},"end":{"line":107,"column":15}},"107":{"start":{"line":108,"column":0},"end":{"line":108,"column":13}},"108":{"start":{"line":109,"column":0},"end":{"line":109,"column":32}},"109":{"start":{"line":110,"column":0},"end":{"line":110,"column":33}},"110":{"start":{"line":111,"column":0},"end":{"line":111,"column":5}},"111":{"start":{"line":112,"column":0},"end":{"line":112,"column":4}},"112":{"start":{"line":113,"column":0},"end":{"line":113,"column":31}},"113":{"start":{"line":114,"column":0},"end":{"line":114,"column":11}},"114":{"start":{"line":115,"column":0},"end":{"line":115,"column":46}},"115":{"start":{"line":116,"column":0},"end":{"line":116,"column":31}},"116":{"start":{"line":117,"column":0},"end":{"line":117,"column":8}},"117":{"start":{"line":118,"column":0},"end":{"line":118,"column":56}},"118":{"start":{"line":119,"column":0},"end":{"line":119,"column":37}},"119":{"start":{"line":120,"column":0},"end":{"line":120,"column":35}},"120":{"start":{"line":121,"column":0},"end":{"line":121,"column":36}},"121":{"start":{"line":122,"column":0},"end":{"line":122,"column":32}},"122":{"start":{"line":123,"column":0},"end":{"line":123,"column":8}},"123":{"start":{"line":124,"column":0},"end":{"line":124,"column":55}},"124":{"start":{"line":125,"column":0},"end":{"line":125,"column":35}},"125":{"start":{"line":126,"column":0},"end":{"line":126,"column":55}},"126":{"start":{"line":127,"column":0},"end":{"line":127,"column":47}},"127":{"start":{"line":128,"column":0},"end":{"line":128,"column":25}},"128":{"start":{"line":129,"column":0},"end":{"line":129,"column":32}},"129":{"start":{"line":130,"column":0},"end":{"line":130,"column":8}},"130":{"start":{"line":131,"column":0},"end":{"line":131,"column":47}},"131":{"start":{"line":132,"column":0},"end":{"line":132,"column":31}},"132":{"start":{"line":133,"column":0},"end":{"line":133,"column":8}},"133":{"start":{"line":134,"column":0},"end":{"line":134,"column":57}},"134":{"start":{"line":135,"column":0},"end":{"line":135,"column":36}},"135":{"start":{"line":136,"column":0},"end":{"line":136,"column":32}},"136":{"start":{"line":137,"column":0},"end":{"line":137,"column":8}},"137":{"start":{"line":138,"column":0},"end":{"line":138,"column":56}},"138":{"start":{"line":139,"column":0},"end":{"line":139,"column":55}},"139":{"start":{"line":140,"column":0},"end":{"line":140,"column":47}},"140":{"start":{"line":141,"column":0},"end":{"line":141,"column":25}},"141":{"start":{"line":142,"column":0},"end":{"line":142,"column":32}},"142":{"start":{"line":143,"column":0},"end":{"line":143,"column":8}},"143":{"start":{"line":144,"column":0},"end":{"line":144,"column":45}},"144":{"start":{"line":145,"column":0},"end":{"line":145,"column":31}},"145":{"start":{"line":146,"column":0},"end":{"line":146,"column":40}},"146":{"start":{"line":147,"column":0},"end":{"line":147,"column":8}},"147":{"start":{"line":148,"column":0},"end":{"line":148,"column":55}},"148":{"start":{"line":149,"column":0},"end":{"line":149,"column":32}},"149":{"start":{"line":150,"column":0},"end":{"line":150,"column":37}},"150":{"start":{"line":151,"column":0},"end":{"line":151,"column":36}},"151":{"start":{"line":152,"column":0},"end":{"line":152,"column":40}},"152":{"start":{"line":153,"column":0},"end":{"line":153,"column":8}},"153":{"start":{"line":154,"column":0},"end":{"line":154,"column":54}},"154":{"start":{"line":155,"column":0},"end":{"line":155,"column":32}},"155":{"start":{"line":156,"column":0},"end":{"line":156,"column":59}},"156":{"start":{"line":157,"column":0},"end":{"line":157,"column":47}},"157":{"start":{"line":158,"column":0},"end":{"line":158,"column":25}},"158":{"start":{"line":159,"column":0},"end":{"line":159,"column":8}},"159":{"start":{"line":160,"column":0},"end":{"line":160,"column":0}},"160":{"start":{"line":161,"column":0},"end":{"line":161,"column":42}},"161":{"start":{"line":162,"column":0},"end":{"line":162,"column":31}},"162":{"start":{"line":163,"column":0},"end":{"line":163,"column":37}},"163":{"start":{"line":164,"column":0},"end":{"line":164,"column":8}},"164":{"start":{"line":165,"column":0},"end":{"line":165,"column":52}},"165":{"start":{"line":166,"column":0},"end":{"line":166,"column":32}},"166":{"start":{"line":167,"column":0},"end":{"line":167,"column":37}},"167":{"start":{"line":168,"column":0},"end":{"line":168,"column":36}},"168":{"start":{"line":169,"column":0},"end":{"line":169,"column":37}},"169":{"start":{"line":170,"column":0},"end":{"line":170,"column":8}},"170":{"start":{"line":171,"column":0},"end":{"line":171,"column":51}},"171":{"start":{"line":172,"column":0},"end":{"line":172,"column":32}},"172":{"start":{"line":173,"column":0},"end":{"line":173,"column":56}},"173":{"start":{"line":174,"column":0},"end":{"line":174,"column":47}},"174":{"start":{"line":175,"column":0},"end":{"line":175,"column":25}},"175":{"start":{"line":176,"column":0},"end":{"line":176,"column":8}},"176":{"start":{"line":177,"column":0},"end":{"line":177,"column":0}},"177":{"start":{"line":178,"column":0},"end":{"line":178,"column":45}},"178":{"start":{"line":179,"column":0},"end":{"line":179,"column":38}},"179":{"start":{"line":180,"column":0},"end":{"line":180,"column":45}},"180":{"start":{"line":181,"column":0},"end":{"line":181,"column":32}},"181":{"start":{"line":182,"column":0},"end":{"line":182,"column":9}},"182":{"start":{"line":183,"column":0},"end":{"line":183,"column":3}},"183":{"start":{"line":184,"column":0},"end":{"line":184,"column":3}},"184":{"start":{"line":185,"column":0},"end":{"line":185,"column":0}},"185":{"start":{"line":186,"column":0},"end":{"line":186,"column":61}},"186":{"start":{"line":187,"column":0},"end":{"line":187,"column":52}},"187":{"start":{"line":188,"column":0},"end":{"line":188,"column":0}},"188":{"start":{"line":189,"column":0},"end":{"line":189,"column":33}}},"s":{"0":1,"1":0,"2":1,"3":1,"4":1,"5":1,"6":1,"7":1,"8":1,"9":1,"10":1,"11":1,"12":1,"13":1,"14":1,"15":1,"16":1,"17":1,"18":1,"19":1,"20":1,"21":0,"22":0,"23":0,"24":1,"25":1,"26":0,"27":0,"28":0,"29":0,"30":0,"31":0,"32":1,"33":1,"34":1,"35":1,"36":1,"37":1,"38":1,"39":1,"40":1,"41":1,"42":1,"43":1,"44":1,"45":1,"46":1,"47":1,"48":1,"49":1,"50":1,"51":1,"52":1,"53":1,"54":1,"55":1,"56":0,"57":0,"58":1,"59":1,"60":1,"61":1,"62":1,"63":1,"64":0,"65":0,"66":1,"67":1,"68":1,"69":1,"70":1,"71":1,"72":0,"73":0,"74":0,"75":0,"76":0,"77":0,"78":1,"79":1,"80":1,"81":1,"82":1,"83":1,"84":0,"85":0,"86":0,"87":0,"88":0,"89":0,"90":1,"91":1,"92":1,"93":1,"94":1,"95":1,"96":0,"97":0,"98":0,"99":0,"100":0,"101":1,"102":1,"103":1,"104":1,"105":1,"106":1,"107":1,"108":1,"109":2,"110":2,"111":1,"112":1,"113":1,"114":1,"115":2,"116":1,"117":1,"118":2,"119":2,"120":2,"121":2,"122":1,"123":1,"124":3,"125":3,"126":3,"127":3,"128":3,"129":1,"130":1,"131":1,"132":1,"133":1,"134":2,"135":2,"136":1,"137":1,"138":2,"139":2,"140":2,"141":2,"142":1,"143":1,"144":2,"145":2,"146":1,"147":1,"148":3,"149":3,"150":3,"151":3,"152":1,"153":1,"154":2,"155":2,"156":2,"157":2,"158":1,"159":1,"160":1,"161":4,"162":4,"163":1,"164":1,"165":5,"166":5,"167":5,"168":5,"169":1,"170":1,"171":3,"172":3,"173":3,"174":3,"175":1,"176":1,"177":1,"178":4,"179":4,"180":4,"181":1,"182":1,"183":1,"184":1,"185":1,"186":1,"187":1,"188":1},"branchMap":{"0":{"type":"branch","line":2,"loc":{"start":{"line":2,"column":0},"end":{"line":2,"column":19}},"locations":[{"start":{"line":2,"column":0},"end":{"line":2,"column":19}}]},"1":{"type":"branch","line":55,"loc":{"start":{"line":55,"column":18},"end":{"line":59,"column":3}},"locations":[{"start":{"line":55,"column":18},"end":{"line":59,"column":3}}]},"2":{"type":"branch","line":63,"loc":{"start":{"line":63,"column":19},"end":{"line":67,"column":3}},"locations":[{"start":{"line":63,"column":19},"end":{"line":67,"column":3}}]},"3":{"type":"branch","line":71,"loc":{"start":{"line":71,"column":17},"end":{"line":79,"column":3}},"locations":[{"start":{"line":71,"column":17},"end":{"line":79,"column":3}}]},"4":{"type":"branch","line":83,"loc":{"start":{"line":83,"column":14},"end":{"line":91,"column":3}},"locations":[{"start":{"line":83,"column":14},"end":{"line":91,"column":3}}]},"5":{"type":"branch","line":95,"loc":{"start":{"line":95,"column":15},"end":{"line":102,"column":3}},"locations":[{"start":{"line":95,"column":15},"end":{"line":102,"column":3}}]},"6":{"type":"branch","line":109,"loc":{"start":{"line":109,"column":20},"end":{"line":111,"column":5}},"locations":[{"start":{"line":109,"column":20},"end":{"line":111,"column":5}}]},"7":{"type":"branch","line":113,"loc":{"start":{"line":113,"column":17},"end":{"line":183,"column":3}},"locations":[{"start":{"line":113,"column":17},"end":{"line":183,"column":3}}]},"8":{"type":"branch","line":115,"loc":{"start":{"line":115,"column":34},"end":{"line":117,"column":7}},"locations":[{"start":{"line":115,"column":34},"end":{"line":117,"column":7}}]},"9":{"type":"branch","line":118,"loc":{"start":{"line":118,"column":36},"end":{"line":123,"column":7}},"locations":[{"start":{"line":118,"column":36},"end":{"line":123,"column":7}}]},"10":{"type":"branch","line":124,"loc":{"start":{"line":124,"column":35},"end":{"line":130,"column":7}},"locations":[{"start":{"line":124,"column":35},"end":{"line":130,"column":7}}]},"11":{"type":"branch","line":127,"loc":{"start":{"line":127,"column":-2},"end":{"line":127,"column":27}},"locations":[{"start":{"line":127,"column":-2},"end":{"line":127,"column":27}}]},"12":{"type":"branch","line":127,"loc":{"start":{"line":127,"column":27},"end":{"line":128,"column":24}},"locations":[{"start":{"line":127,"column":27},"end":{"line":128,"column":24}}]},"13":{"type":"branch","line":131,"loc":{"start":{"line":131,"column":35},"end":{"line":133,"column":7}},"locations":[{"start":{"line":131,"column":35},"end":{"line":133,"column":7}}]},"14":{"type":"branch","line":134,"loc":{"start":{"line":134,"column":37},"end":{"line":137,"column":7}},"locations":[{"start":{"line":134,"column":37},"end":{"line":137,"column":7}}]},"15":{"type":"branch","line":138,"loc":{"start":{"line":138,"column":36},"end":{"line":143,"column":7}},"locations":[{"start":{"line":138,"column":36},"end":{"line":143,"column":7}}]},"16":{"type":"branch","line":140,"loc":{"start":{"line":140,"column":-2},"end":{"line":140,"column":27}},"locations":[{"start":{"line":140,"column":-2},"end":{"line":140,"column":27}}]},"17":{"type":"branch","line":140,"loc":{"start":{"line":140,"column":27},"end":{"line":141,"column":24}},"locations":[{"start":{"line":140,"column":27},"end":{"line":141,"column":24}}]},"18":{"type":"branch","line":144,"loc":{"start":{"line":144,"column":33},"end":{"line":147,"column":7}},"locations":[{"start":{"line":144,"column":33},"end":{"line":147,"column":7}}]},"19":{"type":"branch","line":148,"loc":{"start":{"line":148,"column":35},"end":{"line":153,"column":7}},"locations":[{"start":{"line":148,"column":35},"end":{"line":153,"column":7}}]},"20":{"type":"branch","line":154,"loc":{"start":{"line":154,"column":34},"end":{"line":159,"column":7}},"locations":[{"start":{"line":154,"column":34},"end":{"line":159,"column":7}}]},"21":{"type":"branch","line":157,"loc":{"start":{"line":157,"column":-2},"end":{"line":157,"column":27}},"locations":[{"start":{"line":157,"column":-2},"end":{"line":157,"column":27}}]},"22":{"type":"branch","line":157,"loc":{"start":{"line":157,"column":27},"end":{"line":158,"column":24}},"locations":[{"start":{"line":157,"column":27},"end":{"line":158,"column":24}}]},"23":{"type":"branch","line":161,"loc":{"start":{"line":161,"column":30},"end":{"line":164,"column":7}},"locations":[{"start":{"line":161,"column":30},"end":{"line":164,"column":7}}]},"24":{"type":"branch","line":165,"loc":{"start":{"line":165,"column":32},"end":{"line":170,"column":7}},"locations":[{"start":{"line":165,"column":32},"end":{"line":170,"column":7}}]},"25":{"type":"branch","line":171,"loc":{"start":{"line":171,"column":31},"end":{"line":176,"column":7}},"locations":[{"start":{"line":171,"column":31},"end":{"line":176,"column":7}}]},"26":{"type":"branch","line":174,"loc":{"start":{"line":174,"column":-2},"end":{"line":174,"column":27}},"locations":[{"start":{"line":174,"column":-2},"end":{"line":174,"column":27}}]},"27":{"type":"branch","line":174,"loc":{"start":{"line":174,"column":27},"end":{"line":175,"column":24}},"locations":[{"start":{"line":174,"column":27},"end":{"line":175,"column":24}}]},"28":{"type":"branch","line":178,"loc":{"start":{"line":178,"column":33},"end":{"line":182,"column":7}},"locations":[{"start":{"line":178,"column":33},"end":{"line":182,"column":7}}]}},"b":{"0":[5],"1":[1],"2":[1],"3":[1],"4":[1],"5":[1],"6":[2],"7":[1],"8":[2],"9":[2],"10":[3],"11":[1],"12":[2],"13":[1],"14":[2],"15":[2],"16":[1],"17":[1],"18":[2],"19":[3],"20":[2],"21":[1],"22":[1],"23":[4],"24":[5],"25":[3],"26":[1],"27":[2],"28":[4]},"fnMap":{"0":{"name":"asyncGeneratorStep","decl":{"start":{"line":2,"column":0},"end":{"line":2,"column":19}},"loc":{"start":{"line":2,"column":0},"end":{"line":2,"column":19}},"line":2},"1":{"name":"_asyncToGenerator","decl":{"start":{"line":2,"column":0},"end":{"line":2,"column":19}},"loc":{"start":{"line":2,"column":0},"end":{"line":2,"column":19}},"line":2},"2":{"name":"clearTokens","decl":{"start":{"line":21,"column":20},"end":{"line":24,"column":2}},"loc":{"start":{"line":21,"column":20},"end":{"line":24,"column":2}},"line":21},"3":{"name":"storeTokens","decl":{"start":{"line":26,"column":20},"end":{"line":32,"column":2}},"loc":{"start":{"line":26,"column":20},"end":{"line":32,"column":2}},"line":26},"4":{"name":"_callee","decl":{"start":{"line":56,"column":2},"end":{"line":58,"column":74}},"loc":{"start":{"line":56,"column":2},"end":{"line":58,"column":74}},"line":56},"5":{"name":"_callee2","decl":{"start":{"line":64,"column":2},"end":{"line":66,"column":74}},"loc":{"start":{"line":64,"column":2},"end":{"line":66,"column":74}},"line":64},"6":{"name":"_callee3","decl":{"start":{"line":72,"column":2},"end":{"line":78,"column":25}},"loc":{"start":{"line":72,"column":2},"end":{"line":78,"column":25}},"line":72},"7":{"name":"_callee4","decl":{"start":{"line":84,"column":2},"end":{"line":90,"column":25}},"loc":{"start":{"line":84,"column":2},"end":{"line":90,"column":25}},"line":84},"8":{"name":"_callee5","decl":{"start":{"line":96,"column":2},"end":{"line":101,"column":18}},"loc":{"start":{"line":96,"column":2},"end":{"line":101,"column":18}},"line":96},"9":{"name":"setAuthChecked","decl":{"start":{"line":109,"column":20},"end":{"line":111,"column":5}},"loc":{"start":{"line":109,"column":20},"end":{"line":111,"column":5}},"line":109},"10":{"name":"extraReducers","decl":{"start":{"line":113,"column":17},"end":{"line":183,"column":3}},"loc":{"start":{"line":113,"column":17},"end":{"line":183,"column":3}},"line":113}},"f":{"0":0,"1":5,"2":0,"3":0,"4":0,"5":0,"6":0,"7":0,"8":0,"9":2,"10":1}}
,"C:\\dev\\new\\stellar-burgers\\src\\services\\slices\\constructorSlice.ts": {"path":"C:\\dev\\new\\stellar-burgers\\src\\services\\slices\\constructorSlice.ts","all":false,"statementMap":{"0":{"start":{"line":1,"column":0},"end":{"line":1,"column":62}},"1":{"start":{"line":2,"column":0},"end":{"line":2,"column":0}},"2":{"start":{"line":3,"column":0},"end":{"line":3,"column":67}},"3":{"start":{"line":4,"column":0},"end":{"line":4,"column":0}},"4":{"start":{"line":5,"column":0},"end":{"line":5,"column":36}},"5":{"start":{"line":6,"column":0},"end":{"line":6,"column":0}},"6":{"start":{"line":7,"column":0},"end":{"line":7,"column":26}},"7":{"start":{"line":8,"column":0},"end":{"line":8,"column":26}},"8":{"start":{"line":9,"column":0},"end":{"line":9,"column":40}},"9":{"start":{"line":10,"column":0},"end":{"line":10,"column":2}},"10":{"start":{"line":11,"column":0},"end":{"line":11,"column":0}},"11":{"start":{"line":12,"column":0},"end":{"line":12,"column":48}},"12":{"start":{"line":13,"column":0},"end":{"line":13,"column":12}},"13":{"start":{"line":14,"column":0},"end":{"line":14,"column":17}},"14":{"start":{"line":15,"column":0},"end":{"line":15,"column":2}},"15":{"start":{"line":16,"column":0},"end":{"line":16,"column":0}},"16":{"start":{"line":17,"column":0},"end":{"line":17,"column":38}},"17":{"start":{"line":18,"column":0},"end":{"line":18,"column":28}},"18":{"start":{"line":19,"column":0},"end":{"line":19,"column":15}},"19":{"start":{"line":20,"column":0},"end":{"line":20,"column":0}},"20":{"start":{"line":21,"column":0},"end":{"line":21,"column":13}},"21":{"start":{"line":22,"column":0},"end":{"line":22,"column":62}},"22":{"start":{"line":23,"column":0},"end":{"line":23,"column":33}},"23":{"start":{"line":24,"column":0},"end":{"line":24,"column":6}},"24":{"start":{"line":25,"column":0},"end":{"line":25,"column":0}},"25":{"start":{"line":26,"column":0},"end":{"line":26,"column":20}},"26":{"start":{"line":27,"column":0},"end":{"line":27,"column":45}},"27":{"start":{"line":28,"column":0},"end":{"line":28,"column":28}},"28":{"start":{"line":29,"column":0},"end":{"line":29,"column":16}},"29":{"start":{"line":30,"column":0},"end":{"line":30,"column":40}},"30":{"start":{"line":31,"column":0},"end":{"line":31,"column":10}},"31":{"start":{"line":32,"column":0},"end":{"line":32,"column":8}},"32":{"start":{"line":33,"column":0},"end":{"line":33,"column":0}},"33":{"start":{"line":34,"column":0},"end":{"line":34,"column":74}},"34":{"start":{"line":35,"column":0},"end":{"line":35,"column":42}},"35":{"start":{"line":36,"column":0},"end":{"line":36,"column":0}},"36":{"start":{"line":37,"column":0},"end":{"line":37,"column":40}},"37":{"start":{"line":38,"column":0},"end":{"line":38,"column":33}},"38":{"start":{"line":39,"column":0},"end":{"line":39,"column":17}},"39":{"start":{"line":40,"column":0},"end":{"line":40,"column":9}},"40":{"start":{"line":41,"column":0},"end":{"line":41,"column":0}},"41":{"start":{"line":42,"column":0},"end":{"line":42,"column":43}},"42":{"start":{"line":43,"column":0},"end":{"line":43,"column":7}},"43":{"start":{"line":44,"column":0},"end":{"line":44,"column":6}},"44":{"start":{"line":45,"column":0},"end":{"line":45,"column":60}},"45":{"start":{"line":46,"column":0},"end":{"line":46,"column":32}},"46":{"start":{"line":47,"column":0},"end":{"line":47,"column":51}},"47":{"start":{"line":48,"column":0},"end":{"line":48,"column":44}},"48":{"start":{"line":49,"column":0},"end":{"line":49,"column":8}},"49":{"start":{"line":50,"column":0},"end":{"line":50,"column":6}},"50":{"start":{"line":51,"column":0},"end":{"line":51,"column":0}},"51":{"start":{"line":52,"column":0},"end":{"line":52,"column":19}},"52":{"start":{"line":53,"column":0},"end":{"line":53,"column":12}},"53":{"start":{"line":54,"column":0},"end":{"line":54,"column":64}},"54":{"start":{"line":55,"column":0},"end":{"line":55,"column":7}},"55":{"start":{"line":56,"column":0},"end":{"line":56,"column":48}},"56":{"start":{"line":57,"column":0},"end":{"line":57,"column":55}},"57":{"start":{"line":58,"column":0},"end":{"line":58,"column":0}},"58":{"start":{"line":59,"column":0},"end":{"line":59,"column":35}},"59":{"start":{"line":60,"column":0},"end":{"line":60,"column":15}},"60":{"start":{"line":61,"column":0},"end":{"line":61,"column":7}},"61":{"start":{"line":62,"column":0},"end":{"line":62,"column":0}},"62":{"start":{"line":63,"column":0},"end":{"line":63,"column":63}},"63":{"start":{"line":64,"column":0},"end":{"line":64,"column":15}},"64":{"start":{"line":65,"column":0},"end":{"line":65,"column":7}},"65":{"start":{"line":66,"column":0},"end":{"line":66,"column":0}},"66":{"start":{"line":67,"column":0},"end":{"line":67,"column":44}},"67":{"start":{"line":68,"column":0},"end":{"line":68,"column":61}},"68":{"start":{"line":69,"column":0},"end":{"line":69,"column":41}},"69":{"start":{"line":70,"column":0},"end":{"line":70,"column":6}},"70":{"start":{"line":71,"column":0},"end":{"line":71,"column":0}},"71":{"start":{"line":72,"column":0},"end":{"line":72,"column":29}},"72":{"start":{"line":73,"column":0},"end":{"line":73,"column":23}},"73":{"start":{"line":74,"column":0},"end":{"line":74,"column":29}},"74":{"start":{"line":75,"column":0},"end":{"line":75,"column":5}},"75":{"start":{"line":76,"column":0},"end":{"line":76,"column":3}},"76":{"start":{"line":77,"column":0},"end":{"line":77,"column":3}},"77":{"start":{"line":78,"column":0},"end":{"line":78,"column":0}},"78":{"start":{"line":79,"column":0},"end":{"line":79,"column":14}},"79":{"start":{"line":80,"column":0},"end":{"line":80,"column":9}},"80":{"start":{"line":81,"column":0},"end":{"line":81,"column":16}},"81":{"start":{"line":82,"column":0},"end":{"line":82,"column":19}},"82":{"start":{"line":83,"column":0},"end":{"line":83,"column":17}},"83":{"start":{"line":84,"column":0},"end":{"line":84,"column":18}},"84":{"start":{"line":85,"column":0},"end":{"line":85,"column":29}},"85":{"start":{"line":86,"column":0},"end":{"line":86,"column":0}},"86":{"start":{"line":87,"column":0},"end":{"line":87,"column":40}}},"s":{"0":1,"1":1,"2":1,"3":1,"4":1,"5":1,"6":1,"7":1,"8":1,"9":1,"10":1,"11":1,"12":1,"13":1,"14":1,"15":1,"16":1,"17":1,"18":1,"19":1,"20":1,"21":1,"22":7,"23":1,"24":1,"25":1,"26":1,"27":16,"28":16,"29":16,"30":16,"31":1,"32":1,"33":1,"34":16,"35":16,"36":16,"37":3,"38":3,"39":3,"40":13,"41":13,"42":13,"43":1,"44":1,"45":5,"46":5,"47":5,"48":5,"49":1,"50":1,"51":1,"52":6,"53":6,"54":6,"55":6,"56":6,"57":6,"58":6,"59":1,"60":1,"61":5,"62":6,"63":1,"64":1,"65":4,"66":4,"67":4,"68":4,"69":1,"70":1,"71":1,"72":5,"73":5,"74":5,"75":1,"76":1,"77":1,"78":1,"79":1,"80":1,"81":1,"82":1,"83":1,"84":1,"85":1,"86":1},"branchMap":{"0":{"type":"branch","line":22,"loc":{"start":{"line":22,"column":10},"end":{"line":24,"column":5}},"locations":[{"start":{"line":22,"column":10},"end":{"line":24,"column":5}}]},"1":{"type":"branch","line":27,"loc":{"start":{"line":27,"column":15},"end":{"line":32,"column":7}},"locations":[{"start":{"line":27,"column":15},"end":{"line":32,"column":7}}]},"2":{"type":"branch","line":34,"loc":{"start":{"line":34,"column":15},"end":{"line":43,"column":7}},"locations":[{"start":{"line":34,"column":15},"end":{"line":43,"column":7}}]},"3":{"type":"branch","line":37,"loc":{"start":{"line":37,"column":39},"end":{"line":40,"column":9}},"locations":[{"start":{"line":37,"column":39},"end":{"line":40,"column":9}}]},"4":{"type":"branch","line":40,"loc":{"start":{"line":40,"column":8},"end":{"line":43,"column":7}},"locations":[{"start":{"line":40,"column":8},"end":{"line":43,"column":7}}]},"5":{"type":"branch","line":45,"loc":{"start":{"line":45,"column":20},"end":{"line":50,"column":5}},"locations":[{"start":{"line":45,"column":20},"end":{"line":50,"column":5}}]},"6":{"type":"branch","line":48,"loc":{"start":{"line":48,"column":8},"end":{"line":48,"column":44}},"locations":[{"start":{"line":48,"column":8},"end":{"line":48,"column":44}}]},"7":{"type":"branch","line":52,"loc":{"start":{"line":52,"column":18},"end":{"line":70,"column":5}},"locations":[{"start":{"line":52,"column":18},"end":{"line":70,"column":5}}]},"8":{"type":"branch","line":57,"loc":{"start":{"line":57,"column":30},"end":{"line":57,"column":42}},"locations":[{"start":{"line":57,"column":30},"end":{"line":57,"column":42}}]},"9":{"type":"branch","line":57,"loc":{"start":{"line":57,"column":42},"end":{"line":57,"column":54}},"locations":[{"start":{"line":57,"column":42},"end":{"line":57,"column":54}}]},"10":{"type":"branch","line":59,"loc":{"start":{"line":59,"column":17},"end":{"line":59,"column":32}},"locations":[{"start":{"line":59,"column":17},"end":{"line":59,"column":32}}]},"11":{"type":"branch","line":59,"loc":{"start":{"line":59,"column":34},"end":{"line":61,"column":7}},"locations":[{"start":{"line":59,"column":34},"end":{"line":61,"column":7}}]},"12":{"type":"branch","line":61,"loc":{"start":{"line":61,"column":6},"end":{"line":63,"column":22}},"locations":[{"start":{"line":61,"column":6},"end":{"line":63,"column":22}}]},"13":{"type":"branch","line":63,"loc":{"start":{"line":63,"column":18},"end":{"line":63,"column":60}},"locations":[{"start":{"line":63,"column":18},"end":{"line":63,"column":60}}]},"14":{"type":"branch","line":63,"loc":{"start":{"line":63,"column":62},"end":{"line":65,"column":7}},"locations":[{"start":{"line":63,"column":62},"end":{"line":65,"column":7}}]},"15":{"type":"branch","line":65,"loc":{"start":{"line":65,"column":6},"end":{"line":70,"column":5}},"locations":[{"start":{"line":65,"column":6},"end":{"line":70,"column":5}}]},"16":{"type":"branch","line":72,"loc":{"start":{"line":72,"column":20},"end":{"line":75,"column":5}},"locations":[{"start":{"line":72,"column":20},"end":{"line":75,"column":5}}]}},"b":{"0":[7],"1":[16],"2":[16],"3":[3],"4":[13],"5":[5],"6":[9],"7":[6],"8":[4],"9":[2],"10":[4],"11":[1],"12":[5],"13":[2],"14":[1],"15":[4],"16":[5]},"fnMap":{"0":{"name":"setBun","decl":{"start":{"line":22,"column":10},"end":{"line":24,"column":5}},"loc":{"start":{"line":22,"column":10},"end":{"line":24,"column":5}},"line":22},"1":{"name":"prepare","decl":{"start":{"line":27,"column":15},"end":{"line":32,"column":7}},"loc":{"start":{"line":27,"column":15},"end":{"line":32,"column":7}},"line":27},"2":{"name":"reducer","decl":{"start":{"line":34,"column":15},"end":{"line":43,"column":7}},"loc":{"start":{"line":34,"column":15},"end":{"line":43,"column":7}},"line":34},"3":{"name":"removeIngredient","decl":{"start":{"line":45,"column":20},"end":{"line":50,"column":5}},"loc":{"start":{"line":45,"column":20},"end":{"line":50,"column":5}},"line":45},"4":{"name":"moveIngredient","decl":{"start":{"line":52,"column":18},"end":{"line":70,"column":5}},"loc":{"start":{"line":52,"column":18},"end":{"line":70,"column":5}},"line":52},"5":{"name":"resetConstructor","decl":{"start":{"line":72,"column":20},"end":{"line":75,"column":5}},"loc":{"start":{"line":72,"column":20},"end":{"line":75,"column":5}},"line":72}},"f":{"0":7,"1":16,"2":16,"3":5,"4":6,"5":5}}
,"C:\\dev\\new\\stellar-burgers\\src\\services\\slices\\feedSlice.ts": {"path":"C:\\dev\\new\\stellar-burgers\\src\\services\\slices\\feedSlice.ts","all":false,"statementMap":{"0":{"start":{"line":1,"column":0},"end":{"line":1,"column":35}},"1":{"start":{"line":2,"column":0},"end":{"line":2,"column":0}},"2":{"start":{"line":3,"column":0},"end":{"line":3,"column":8}},"3":{"start":{"line":4,"column":0},"end":{"line":4,"column":16}},"4":{"start":{"line":5,"column":0},"end":{"line":5,"column":18}},"5":{"start":{"line":6,"column":0},"end":{"line":6,"column":19}},"6":{"start":{"line":7,"column":0},"end":{"line":7,"column":13}},"7":{"start":{"line":8,"column":0},"end":{"line":8,"column":26}},"8":{"start":{"line":9,"column":0},"end":{"line":9,"column":0}},"9":{"start":{"line":10,"column":0},"end":{"line":10,"column":43}},"10":{"start":{"line":11,"column":0},"end":{"line":11,"column":0}},"11":{"start":{"line":12,"column":0},"end":{"line":12,"column":20}},"12":{"start":{"line":13,"column":0},"end":{"line":13,"column":21}},"13":{"start":{"line":14,"column":0},"end":{"line":14,"column":32}},"14":{"start":{"line":15,"column":0},"end":{"line":15,"column":20}},"15":{"start":{"line":16,"column":0},"end":{"line":16,"column":2}},"16":{"start":{"line":17,"column":0},"end":{"line":17,"column":0}},"17":{"start":{"line":18,"column":0},"end":{"line":18,"column":42}},"18":{"start":{"line":19,"column":0},"end":{"line":19,"column":18}},"19":{"start":{"line":20,"column":0},"end":{"line":20,"column":14}},"20":{"start":{"line":21,"column":0},"end":{"line":21,"column":9}},"21":{"start":{"line":22,"column":0},"end":{"line":22,"column":15}},"22":{"start":{"line":23,"column":0},"end":{"line":23,"column":13}},"23":{"start":{"line":24,"column":0},"end":{"line":24,"column":17}},"24":{"start":{"line":25,"column":0},"end":{"line":25,"column":3}},"25":{"start":{"line":26,"column":0},"end":{"line":26,"column":2}},"26":{"start":{"line":27,"column":0},"end":{"line":27,"column":0}},"27":{"start":{"line":28,"column":0},"end":{"line":28,"column":62}},"28":{"start":{"line":29,"column":0},"end":{"line":29,"column":15}},"29":{"start":{"line":30,"column":0},"end":{"line":30,"column":27}},"30":{"start":{"line":31,"column":0},"end":{"line":31,"column":2}},"31":{"start":{"line":32,"column":0},"end":{"line":32,"column":0}},"32":{"start":{"line":33,"column":0},"end":{"line":33,"column":31}},"33":{"start":{"line":34,"column":0},"end":{"line":34,"column":15}},"34":{"start":{"line":35,"column":0},"end":{"line":35,"column":15}},"35":{"start":{"line":36,"column":0},"end":{"line":36,"column":15}},"36":{"start":{"line":37,"column":0},"end":{"line":37,"column":0}},"37":{"start":{"line":38,"column":0},"end":{"line":38,"column":31}},"38":{"start":{"line":39,"column":0},"end":{"line":39,"column":11}},"39":{"start":{"line":40,"column":0},"end":{"line":40,"column":47}},"40":{"start":{"line":41,"column":0},"end":{"line":41,"column":27}},"41":{"start":{"line":42,"column":0},"end":{"line":42,"column":31}},"42":{"start":{"line":43,"column":0},"end":{"line":43,"column":8}},"43":{"start":{"line":44,"column":0},"end":{"line":44,"column":0}},"44":{"start":{"line":45,"column":0},"end":{"line":45,"column":56}},"45":{"start":{"line":46,"column":0},"end":{"line":46,"column":35}},"46":{"start":{"line":47,"column":0},"end":{"line":47,"column":32}},"47":{"start":{"line":48,"column":0},"end":{"line":48,"column":8}},"48":{"start":{"line":49,"column":0},"end":{"line":49,"column":0}},"49":{"start":{"line":50,"column":0},"end":{"line":50,"column":15}},"50":{"start":{"line":51,"column":0},"end":{"line":51,"column":29}},"51":{"start":{"line":52,"column":0},"end":{"line":52,"column":56}},"52":{"start":{"line":53,"column":0},"end":{"line":53,"column":38}},"53":{"start":{"line":54,"column":0},"end":{"line":54,"column":34}},"54":{"start":{"line":55,"column":0},"end":{"line":55,"column":9}},"55":{"start":{"line":56,"column":0},"end":{"line":56,"column":8}},"56":{"start":{"line":57,"column":0},"end":{"line":57,"column":3}},"57":{"start":{"line":58,"column":0},"end":{"line":58,"column":3}},"58":{"start":{"line":59,"column":0},"end":{"line":59,"column":0}},"59":{"start":{"line":60,"column":0},"end":{"line":60,"column":33}}},"s":{"0":1,"1":1,"2":1,"3":1,"4":1,"5":1,"6":1,"7":1,"8":1,"9":1,"10":1,"11":1,"12":1,"13":1,"14":1,"15":1,"16":1,"17":1,"18":1,"19":1,"20":1,"21":1,"22":1,"23":1,"24":1,"25":1,"26":1,"27":1,"28":1,"29":1,"30":1,"31":1,"32":1,"33":1,"34":1,"35":1,"36":1,"37":1,"38":1,"39":1,"40":6,"41":6,"42":1,"43":1,"44":1,"45":6,"46":6,"47":1,"48":1,"49":1,"50":1,"51":1,"52":11,"53":11,"54":11,"55":1,"56":1,"57":1,"58":1,"59":1},"branchMap":{"0":{"type":"branch","line":38,"loc":{"start":{"line":38,"column":17},"end":{"line":57,"column":3}},"locations":[{"start":{"line":38,"column":17},"end":{"line":57,"column":3}}]},"1":{"type":"branch","line":40,"loc":{"start":{"line":40,"column":35},"end":{"line":43,"column":7}},"locations":[{"start":{"line":40,"column":35},"end":{"line":43,"column":7}}]},"2":{"type":"branch","line":45,"loc":{"start":{"line":45,"column":36},"end":{"line":48,"column":7}},"locations":[{"start":{"line":45,"column":36},"end":{"line":48,"column":7}}]},"3":{"type":"branch","line":52,"loc":{"start":{"line":52,"column":8},"end":{"line":55,"column":9}},"locations":[{"start":{"line":52,"column":8},"end":{"line":55,"column":9}}]}},"b":{"0":[1],"1":[6],"2":[6],"3":[11]},"fnMap":{"0":{"name":"_callee","decl":{"start":{"line":30,"column":2},"end":{"line":30,"column":27}},"loc":{"start":{"line":30,"column":2},"end":{"line":30,"column":27}},"line":30},"1":{"name":"extraReducers","decl":{"start":{"line":38,"column":17},"end":{"line":57,"column":3}},"loc":{"start":{"line":38,"column":17},"end":{"line":57,"column":3}},"line":38}},"f":{"0":0,"1":1}}
,"C:\\dev\\new\\stellar-burgers\\src\\services\\slices\\ingredientsSlice.ts": {"path":"C:\\dev\\new\\stellar-burgers\\src\\services\\slices\\ingredientsSlice.ts","all":false,"statementMap":{"0":{"start":{"line":1,"column":0},"end":{"line":1,"column":41}},"1":{"start":{"line":2,"column":0},"end":{"line":2,"column":0}},"2":{"start":{"line":3,"column":0},"end":{"line":3,"column":8}},"3":{"start":{"line":4,"column":0},"end":{"line":4,"column":18}},"4":{"start":{"line":5,"column":0},"end":{"line":5,"column":19}},"5":{"start":{"line":6,"column":0},"end":{"line":6,"column":13}},"6":{"start":{"line":7,"column":0},"end":{"line":7,"column":26}},"7":{"start":{"line":8,"column":0},"end":{"line":8,"column":0}},"8":{"start":{"line":9,"column":0},"end":{"line":9,"column":43}},"9":{"start":{"line":10,"column":0},"end":{"line":10,"column":0}},"10":{"start":{"line":11,"column":0},"end":{"line":11,"column":26}},"11":{"start":{"line":12,"column":0},"end":{"line":12,"column":21}},"12":{"start":{"line":13,"column":0},"end":{"line":13,"column":32}},"13":{"start":{"line":14,"column":0},"end":{"line":14,"column":22}},"14":{"start":{"line":15,"column":0},"end":{"line":15,"column":2}},"15":{"start":{"line":16,"column":0},"end":{"line":16,"column":0}},"16":{"start":{"line":17,"column":0},"end":{"line":17,"column":48}},"17":{"start":{"line":18,"column":0},"end":{"line":18,"column":18}},"18":{"start":{"line":19,"column":0},"end":{"line":19,"column":14}},"19":{"start":{"line":20,"column":0},"end":{"line":20,"column":10}},"20":{"start":{"line":21,"column":0},"end":{"line":21,"column":2}},"21":{"start":{"line":22,"column":0},"end":{"line":22,"column":0}},"22":{"start":{"line":23,"column":0},"end":{"line":23,"column":49}},"23":{"start":{"line":24,"column":0},"end":{"line":24,"column":22}},"24":{"start":{"line":25,"column":0},"end":{"line":25,"column":19}},"25":{"start":{"line":26,"column":0},"end":{"line":26,"column":2}},"26":{"start":{"line":27,"column":0},"end":{"line":27,"column":0}},"27":{"start":{"line":28,"column":0},"end":{"line":28,"column":38}},"28":{"start":{"line":29,"column":0},"end":{"line":29,"column":22}},"29":{"start":{"line":30,"column":0},"end":{"line":30,"column":15}},"30":{"start":{"line":31,"column":0},"end":{"line":31,"column":15}},"31":{"start":{"line":32,"column":0},"end":{"line":32,"column":0}},"32":{"start":{"line":33,"column":0},"end":{"line":33,"column":31}},"33":{"start":{"line":34,"column":0},"end":{"line":34,"column":11}},"34":{"start":{"line":35,"column":0},"end":{"line":35,"column":53}},"35":{"start":{"line":36,"column":0},"end":{"line":36,"column":27}},"36":{"start":{"line":37,"column":0},"end":{"line":37,"column":31}},"37":{"start":{"line":38,"column":0},"end":{"line":38,"column":8}},"38":{"start":{"line":39,"column":0},"end":{"line":39,"column":0}},"39":{"start":{"line":40,"column":0},"end":{"line":40,"column":62}},"40":{"start":{"line":41,"column":0},"end":{"line":41,"column":35}},"41":{"start":{"line":42,"column":0},"end":{"line":42,"column":32}},"42":{"start":{"line":43,"column":0},"end":{"line":43,"column":8}},"43":{"start":{"line":44,"column":0},"end":{"line":44,"column":0}},"44":{"start":{"line":45,"column":0},"end":{"line":45,"column":63}},"45":{"start":{"line":46,"column":0},"end":{"line":46,"column":36}},"46":{"start":{"line":47,"column":0},"end":{"line":47,"column":27}},"47":{"start":{"line":48,"column":0},"end":{"line":48,"column":32}},"48":{"start":{"line":49,"column":0},"end":{"line":49,"column":9}},"49":{"start":{"line":50,"column":0},"end":{"line":50,"column":3}},"50":{"start":{"line":51,"column":0},"end":{"line":51,"column":3}},"51":{"start":{"line":52,"column":0},"end":{"line":52,"column":0}},"52":{"start":{"line":53,"column":0},"end":{"line":53,"column":40}}},"s":{"0":1,"1":1,"2":1,"3":1,"4":1,"5":1,"6":1,"7":1,"8":1,"9":1,"10":1,"11":1,"12":1,"13":1,"14":1,"15":1,"16":1,"17":1,"18":1,"19":1,"20":1,"21":1,"22":1,"23":1,"24":1,"25":1,"26":1,"27":1,"28":1,"29":1,"30":1,"31":1,"32":1,"33":1,"34":1,"35":8,"36":8,"37":1,"38":1,"39":1,"40":8,"41":8,"42":1,"43":1,"44":1,"45":14,"46":14,"47":14,"48":1,"49":1,"50":1,"51":1,"52":1},"branchMap":{"0":{"type":"branch","line":33,"loc":{"start":{"line":33,"column":17},"end":{"line":50,"column":3}},"locations":[{"start":{"line":33,"column":17},"end":{"line":50,"column":3}}]},"1":{"type":"branch","line":35,"loc":{"start":{"line":35,"column":41},"end":{"line":38,"column":7}},"locations":[{"start":{"line":35,"column":41},"end":{"line":38,"column":7}}]},"2":{"type":"branch","line":40,"loc":{"start":{"line":40,"column":42},"end":{"line":43,"column":7}},"locations":[{"start":{"line":40,"column":42},"end":{"line":43,"column":7}}]},"3":{"type":"branch","line":45,"loc":{"start":{"line":45,"column":43},"end":{"line":49,"column":7}},"locations":[{"start":{"line":45,"column":43},"end":{"line":49,"column":7}}]}},"b":{"0":[1],"1":[8],"2":[8],"3":[14]},"fnMap":{"0":{"name":"extraReducers","decl":{"start":{"line":33,"column":17},"end":{"line":50,"column":3}},"loc":{"start":{"line":33,"column":17},"end":{"line":50,"column":3}},"line":33}},"f":{"0":1}}
,"C:\\dev\\new\\stellar-burgers\\src\\services\\slices\\orderSlice.ts": {"path":"C:\\dev\\new\\stellar-burgers\\src\\services\\slices\\orderSlice.ts","all":false,"statementMap":{"0":{"start":{"line":1,"column":0},"end":{"line":1,"column":73}},"1":{"start":{"line":2,"column":0},"end":{"line":2,"column":8}},"2":{"start":{"line":3,"column":0},"end":{"line":3,"column":18}},"3":{"start":{"line":4,"column":0},"end":{"line":4,"column":19}},"4":{"start":{"line":5,"column":0},"end":{"line":5,"column":13}},"5":{"start":{"line":6,"column":0},"end":{"line":6,"column":26}},"6":{"start":{"line":7,"column":0},"end":{"line":7,"column":38}},"7":{"start":{"line":8,"column":0},"end":{"line":8,"column":54}},"8":{"start":{"line":9,"column":0},"end":{"line":9,"column":0}},"9":{"start":{"line":10,"column":0},"end":{"line":10,"column":21}},"10":{"start":{"line":11,"column":0},"end":{"line":11,"column":21}},"11":{"start":{"line":12,"column":0},"end":{"line":12,"column":24}},"12":{"start":{"line":13,"column":0},"end":{"line":13,"column":32}},"13":{"start":{"line":14,"column":0},"end":{"line":14,"column":22}},"14":{"start":{"line":15,"column":0},"end":{"line":15,"column":32}},"15":{"start":{"line":16,"column":0},"end":{"line":16,"column":17}},"16":{"start":{"line":17,"column":0},"end":{"line":17,"column":2}},"17":{"start":{"line":18,"column":0},"end":{"line":18,"column":0}},"18":{"start":{"line":19,"column":0},"end":{"line":19,"column":43}},"19":{"start":{"line":20,"column":0},"end":{"line":20,"column":19}},"20":{"start":{"line":21,"column":0},"end":{"line":21,"column":22}},"21":{"start":{"line":22,"column":0},"end":{"line":22,"column":23}},"22":{"start":{"line":23,"column":0},"end":{"line":23,"column":20}},"23":{"start":{"line":24,"column":0},"end":{"line":24,"column":14}},"24":{"start":{"line":25,"column":0},"end":{"line":25,"column":10}},"25":{"start":{"line":26,"column":0},"end":{"line":26,"column":2}},"26":{"start":{"line":27,"column":0},"end":{"line":27,"column":0}},"27":{"start":{"line":28,"column":0},"end":{"line":28,"column":54}},"28":{"start":{"line":29,"column":0},"end":{"line":29,"column":22}},"29":{"start":{"line":30,"column":0},"end":{"line":30,"column":14}},"30":{"start":{"line":31,"column":0},"end":{"line":31,"column":2}},"31":{"start":{"line":32,"column":0},"end":{"line":32,"column":0}},"32":{"start":{"line":33,"column":0},"end":{"line":33,"column":59}},"33":{"start":{"line":34,"column":0},"end":{"line":34,"column":21}},"34":{"start":{"line":35,"column":0},"end":{"line":35,"column":47}},"35":{"start":{"line":36,"column":0},"end":{"line":36,"column":60}},"36":{"start":{"line":37,"column":0},"end":{"line":37,"column":79}},"37":{"start":{"line":38,"column":0},"end":{"line":38,"column":3}},"38":{"start":{"line":39,"column":0},"end":{"line":39,"column":2}},"39":{"start":{"line":40,"column":0},"end":{"line":40,"column":0}},"40":{"start":{"line":41,"column":0},"end":{"line":41,"column":44}},"41":{"start":{"line":42,"column":0},"end":{"line":42,"column":34}},"42":{"start":{"line":43,"column":0},"end":{"line":43,"column":10}},"43":{"start":{"line":44,"column":0},"end":{"line":44,"column":75}},"44":{"start":{"line":45,"column":0},"end":{"line":45,"column":55}},"45":{"start":{"line":46,"column":0},"end":{"line":46,"column":27}},"46":{"start":{"line":47,"column":0},"end":{"line":47,"column":37}},"47":{"start":{"line":48,"column":0},"end":{"line":48,"column":3}},"48":{"start":{"line":49,"column":0},"end":{"line":49,"column":31}},"49":{"start":{"line":50,"column":0},"end":{"line":50,"column":56}},"50":{"start":{"line":51,"column":0},"end":{"line":51,"column":3}},"51":{"start":{"line":52,"column":0},"end":{"line":52,"column":0}},"52":{"start":{"line":53,"column":0},"end":{"line":53,"column":32}},"53":{"start":{"line":54,"column":0},"end":{"line":54,"column":16}},"54":{"start":{"line":55,"column":0},"end":{"line":55,"column":15}},"55":{"start":{"line":56,"column":0},"end":{"line":56,"column":13}},"56":{"start":{"line":57,"column":0},"end":{"line":57,"column":32}},"57":{"start":{"line":58,"column":0},"end":{"line":58,"column":34}},"58":{"start":{"line":59,"column":0},"end":{"line":59,"column":31}},"59":{"start":{"line":60,"column":0},"end":{"line":60,"column":5}},"60":{"start":{"line":61,"column":0},"end":{"line":61,"column":4}},"61":{"start":{"line":62,"column":0},"end":{"line":62,"column":31}},"62":{"start":{"line":63,"column":0},"end":{"line":63,"column":11}},"63":{"start":{"line":64,"column":0},"end":{"line":64,"column":48}},"64":{"start":{"line":65,"column":0},"end":{"line":65,"column":27}},"65":{"start":{"line":66,"column":0},"end":{"line":66,"column":31}},"66":{"start":{"line":67,"column":0},"end":{"line":67,"column":8}},"67":{"start":{"line":68,"column":0},"end":{"line":68,"column":57}},"68":{"start":{"line":69,"column":0},"end":{"line":69,"column":35}},"69":{"start":{"line":70,"column":0},"end":{"line":70,"column":32}},"70":{"start":{"line":71,"column":0},"end":{"line":71,"column":8}},"71":{"start":{"line":72,"column":0},"end":{"line":72,"column":58}},"72":{"start":{"line":73,"column":0},"end":{"line":73,"column":36}},"73":{"start":{"line":74,"column":0},"end":{"line":74,"column":32}},"74":{"start":{"line":75,"column":0},"end":{"line":75,"column":8}},"75":{"start":{"line":76,"column":0},"end":{"line":76,"column":47}},"76":{"start":{"line":77,"column":0},"end":{"line":77,"column":31}},"77":{"start":{"line":78,"column":0},"end":{"line":78,"column":8}},"78":{"start":{"line":79,"column":0},"end":{"line":79,"column":56}},"79":{"start":{"line":80,"column":0},"end":{"line":80,"column":35}},"80":{"start":{"line":81,"column":0},"end":{"line":81,"column":32}},"81":{"start":{"line":82,"column":0},"end":{"line":82,"column":8}},"82":{"start":{"line":83,"column":0},"end":{"line":83,"column":57}},"83":{"start":{"line":84,"column":0},"end":{"line":84,"column":46}},"84":{"start":{"line":85,"column":0},"end":{"line":85,"column":33}},"85":{"start":{"line":86,"column":0},"end":{"line":86,"column":32}},"86":{"start":{"line":87,"column":0},"end":{"line":87,"column":8}},"87":{"start":{"line":88,"column":0},"end":{"line":88,"column":48}},"88":{"start":{"line":89,"column":0},"end":{"line":89,"column":34}},"89":{"start":{"line":90,"column":0},"end":{"line":90,"column":8}},"90":{"start":{"line":91,"column":0},"end":{"line":91,"column":57}},"91":{"start":{"line":92,"column":0},"end":{"line":92,"column":35}},"92":{"start":{"line":93,"column":0},"end":{"line":93,"column":35}},"93":{"start":{"line":94,"column":0},"end":{"line":94,"column":8}},"94":{"start":{"line":95,"column":0},"end":{"line":95,"column":58}},"95":{"start":{"line":96,"column":0},"end":{"line":96,"column":52}},"96":{"start":{"line":97,"column":0},"end":{"line":97,"column":32}},"97":{"start":{"line":98,"column":0},"end":{"line":98,"column":35}},"98":{"start":{"line":99,"column":0},"end":{"line":99,"column":9}},"99":{"start":{"line":100,"column":0},"end":{"line":100,"column":3}},"100":{"start":{"line":101,"column":0},"end":{"line":101,"column":3}},"101":{"start":{"line":102,"column":0},"end":{"line":102,"column":0}},"102":{"start":{"line":103,"column":0},"end":{"line":103,"column":58}},"103":{"start":{"line":104,"column":0},"end":{"line":104,"column":0}},"104":{"start":{"line":105,"column":0},"end":{"line":105,"column":34}}},"s":{"0":1,"1":0,"2":1,"3":1,"4":1,"5":1,"6":1,"7":1,"8":1,"9":1,"10":1,"11":1,"12":1,"13":1,"14":1,"15":1,"16":1,"17":1,"18":1,"19":1,"20":1,"21":1,"22":1,"23":1,"24":1,"25":1,"26":1,"27":1,"28":1,"29":1,"30":1,"31":1,"32":1,"33":1,"34":1,"35":0,"36":0,"37":1,"38":1,"39":1,"40":1,"41":1,"42":1,"43":1,"44":0,"45":0,"46":0,"47":0,"48":0,"49":0,"50":1,"51":1,"52":1,"53":1,"54":1,"55":1,"56":1,"57":4,"58":4,"59":4,"60":1,"61":1,"62":1,"63":1,"64":2,"65":2,"66":1,"67":1,"68":2,"69":2,"70":1,"71":1,"72":2,"73":2,"74":1,"75":1,"76":2,"77":1,"78":1,"79":2,"80":2,"81":1,"82":1,"83":3,"84":3,"85":3,"86":1,"87":1,"88":4,"89":1,"90":1,"91":3,"92":3,"93":1,"94":1,"95":5,"96":5,"97":5,"98":1,"99":1,"100":1,"101":1,"102":1,"103":1,"104":1},"branchMap":{"0":{"type":"branch","line":2,"loc":{"start":{"line":2,"column":0},"end":{"line":2,"column":8}},"locations":[{"start":{"line":2,"column":0},"end":{"line":2,"column":8}}]},"1":{"type":"branch","line":2,"loc":{"start":{"line":2,"column":0},"end":{"line":2,"column":8}},"locations":[{"start":{"line":2,"column":0},"end":{"line":2,"column":8}}]},"2":{"type":"branch","line":2,"loc":{"start":{"line":2,"column":0},"end":{"line":2,"column":8}},"locations":[{"start":{"line":2,"column":0},"end":{"line":2,"column":8}}]},"3":{"type":"branch","line":2,"loc":{"start":{"line":2,"column":0},"end":{"line":2,"column":8}},"locations":[{"start":{"line":2,"column":0},"end":{"line":2,"column":8}}]},"4":{"type":"branch","line":2,"loc":{"start":{"line":2,"column":0},"end":{"line":2,"column":8}},"locations":[{"start":{"line":2,"column":0},"end":{"line":2,"column":8}}]},"5":{"type":"branch","line":2,"loc":{"start":{"line":2,"column":0},"end":{"line":2,"column":8}},"locations":[{"start":{"line":2,"column":0},"end":{"line":2,"column":8}}]},"6":{"type":"branch","line":2,"loc":{"start":{"line":2,"column":0},"end":{"line":2,"column":8}},"locations":[{"start":{"line":2,"column":0},"end":{"line":2,"column":8}}]},"7":{"type":"branch","line":2,"loc":{"start":{"line":2,"column":0},"end":{"line":2,"column":8}},"locations":[{"start":{"line":2,"column":0},"end":{"line":2,"column":8}}]},"8":{"type":"branch","line":34,"loc":{"start":{"line":34,"column":20},"end":{"line":38,"column":3}},"locations":[{"start":{"line":34,"column":20},"end":{"line":38,"column":3}}]},"9":{"type":"branch","line":44,"loc":{"start":{"line":44,"column":16},"end":{"line":51,"column":2}},"locations":[{"start":{"line":44,"column":16},"end":{"line":51,"column":2}}]},"10":{"type":"branch","line":57,"loc":{"start":{"line":57,"column":23},"end":{"line":60,"column":5}},"locations":[{"start":{"line":57,"column":23},"end":{"line":60,"column":5}}]},"11":{"type":"branch","line":62,"loc":{"start":{"line":62,"column":17},"end":{"line":100,"column":3}},"locations":[{"start":{"line":62,"column":17},"end":{"line":100,"column":3}}]},"12":{"type":"branch","line":64,"loc":{"start":{"line":64,"column":36},"end":{"line":67,"column":7}},"locations":[{"start":{"line":64,"column":36},"end":{"line":67,"column":7}}]},"13":{"type":"branch","line":68,"loc":{"start":{"line":68,"column":37},"end":{"line":71,"column":7}},"locations":[{"start":{"line":68,"column":37},"end":{"line":71,"column":7}}]},"14":{"type":"branch","line":72,"loc":{"start":{"line":72,"column":38},"end":{"line":75,"column":7}},"locations":[{"start":{"line":72,"column":38},"end":{"line":75,"column":7}}]},"15":{"type":"branch","line":76,"loc":{"start":{"line":76,"column":35},"end":{"line":78,"column":7}},"locations":[{"start":{"line":76,"column":35},"end":{"line":78,"column":7}}]},"16":{"type":"branch","line":79,"loc":{"start":{"line":79,"column":36},"end":{"line":82,"column":7}},"locations":[{"start":{"line":79,"column":36},"end":{"line":82,"column":7}}]},"17":{"type":"branch","line":83,"loc":{"start":{"line":83,"column":37},"end":{"line":87,"column":7}},"locations":[{"start":{"line":83,"column":37},"end":{"line":87,"column":7}}]},"18":{"type":"branch","line":88,"loc":{"start":{"line":88,"column":36},"end":{"line":90,"column":7}},"locations":[{"start":{"line":88,"column":36},"end":{"line":90,"column":7}}]},"19":{"type":"branch","line":91,"loc":{"start":{"line":91,"column":37},"end":{"line":94,"column":7}},"locations":[{"start":{"line":91,"column":37},"end":{"line":94,"column":7}}]},"20":{"type":"branch","line":95,"loc":{"start":{"line":95,"column":38},"end":{"line":99,"column":7}},"locations":[{"start":{"line":95,"column":38},"end":{"line":99,"column":7}}]}},"b":{"0":[1],"1":[0],"2":[10],"3":[9],"4":[0],"5":[1],"6":[3],"7":[2],"8":[1],"9":[1],"10":[4],"11":[1],"12":[2],"13":[2],"14":[2],"15":[2],"16":[2],"17":[3],"18":[4],"19":[3],"20":[5]},"fnMap":{"0":{"name":"_regeneratorDefine2","decl":{"start":{"line":2,"column":0},"end":{"line":2,"column":8}},"loc":{"start":{"line":2,"column":0},"end":{"line":2,"column":8}},"line":2},"1":{"name":"_regeneratorDefine","decl":{"start":{"line":2,"column":0},"end":{"line":2,"column":8}},"loc":{"start":{"line":2,"column":0},"end":{"line":2,"column":8}},"line":2},"2":{"name":"o","decl":{"start":{"line":2,"column":0},"end":{"line":2,"column":8}},"loc":{"start":{"line":2,"column":0},"end":{"line":2,"column":8}},"line":2},"3":{"name":"_OverloadYield","decl":{"start":{"line":2,"column":0},"end":{"line":2,"column":8}},"loc":{"start":{"line":2,"column":0},"end":{"line":2,"column":8}},"line":2},"4":{"name":"asyncGeneratorStep","decl":{"start":{"line":2,"column":0},"end":{"line":2,"column":8}},"loc":{"start":{"line":2,"column":0},"end":{"line":2,"column":8}},"line":2},"5":{"name":"_asyncToGenerator","decl":{"start":{"line":2,"column":0},"end":{"line":2,"column":8}},"loc":{"start":{"line":2,"column":0},"end":{"line":2,"column":8}},"line":2},"6":{"name":"_callee","decl":{"start":{"line":35,"column":2},"end":{"line":37,"column":79}},"loc":{"start":{"line":35,"column":2},"end":{"line":37,"column":79}},"line":35},"7":{"name":"_callee2","decl":{"start":{"line":44,"column":18},"end":{"line":50,"column":56}},"loc":{"start":{"line":44,"column":18},"end":{"line":50,"column":56}},"line":44},"8":{"name":"resetOrderModalData","decl":{"start":{"line":57,"column":23},"end":{"line":60,"column":5}},"loc":{"start":{"line":57,"column":23},"end":{"line":60,"column":5}},"line":57},"9":{"name":"extraReducers","decl":{"start":{"line":62,"column":17},"end":{"line":100,"column":3}},"loc":{"start":{"line":62,"column":17},"end":{"line":100,"column":3}},"line":62}},"f":{"0":1,"1":10,"2":3,"3":0,"4":0,"5":2,"6":0,"7":0,"8":4,"9":1}}
,"C:\\dev\\new\\stellar-burgers\\src\\utils\\cookie.ts": {"path":"C:\\dev\\new\\stellar-burgers\\src\\utils\\cookie.ts","all":false,"statementMap":{"0":{"start":{"line":1,"column":0},"end":{"line":1,"column":61}},"1":{"start":{"line":2,"column":0},"end":{"line":2,"column":40}},"2":{"start":{"line":3,"column":0},"end":{"line":3,"column":15}},"3":{"start":{"line":4,"column":0},"end":{"line":4,"column":18}},"4":{"start":{"line":5,"column":0},"end":{"line":5,"column":53}},"5":{"start":{"line":6,"column":0},"end":{"line":6,"column":62}},"6":{"start":{"line":7,"column":0},"end":{"line":7,"column":18}},"7":{"start":{"line":8,"column":0},"end":{"line":8,"column":5}},"8":{"start":{"line":9,"column":0},"end":{"line":9,"column":4}},"9":{"start":{"line":10,"column":0},"end":{"line":10,"column":62}},"10":{"start":{"line":11,"column":0},"end":{"line":11,"column":1}},"11":{"start":{"line":12,"column":0},"end":{"line":12,"column":0}},"12":{"start":{"line":13,"column":0},"end":{"line":13,"column":26}},"13":{"start":{"line":14,"column":0},"end":{"line":14,"column":15}},"14":{"start":{"line":15,"column":0},"end":{"line":15,"column":16}},"15":{"start":{"line":16,"column":0},"end":{"line":16,"column":65}},"16":{"start":{"line":17,"column":0},"end":{"line":17,"column":3}},"17":{"start":{"line":18,"column":0},"end":{"line":18,"column":11}},"18":{"start":{"line":19,"column":0},"end":{"line":19,"column":14}},"19":{"start":{"line":20,"column":0},"end":{"line":20,"column":12}},"20":{"start":{"line":21,"column":0},"end":{"line":21,"column":4}},"21":{"start":{"line":22,"column":0},"end":{"line":22,"column":0}},"22":{"start":{"line":23,"column":0},"end":{"line":23,"column":26}},"23":{"start":{"line":24,"column":0},"end":{"line":24,"column":39}},"24":{"start":{"line":25,"column":0},"end":{"line":25,"column":25}},"25":{"start":{"line":26,"column":0},"end":{"line":26,"column":40}},"26":{"start":{"line":27,"column":0},"end":{"line":27,"column":28}},"27":{"start":{"line":28,"column":0},"end":{"line":28,"column":3}},"28":{"start":{"line":29,"column":0},"end":{"line":29,"column":0}},"29":{"start":{"line":30,"column":0},"end":{"line":30,"column":35}},"30":{"start":{"line":31,"column":0},"end":{"line":31,"column":38}},"31":{"start":{"line":32,"column":0},"end":{"line":32,"column":3}},"32":{"start":{"line":33,"column":0},"end":{"line":33,"column":36}},"33":{"start":{"line":34,"column":0},"end":{"line":34,"column":41}},"34":{"start":{"line":35,"column":0},"end":{"line":35,"column":33}},"35":{"start":{"line":36,"column":0},"end":{"line":36,"column":37}},"36":{"start":{"line":37,"column":0},"end":{"line":37,"column":38}},"37":{"start":{"line":38,"column":0},"end":{"line":38,"column":29}},"38":{"start":{"line":39,"column":0},"end":{"line":39,"column":39}},"39":{"start":{"line":40,"column":0},"end":{"line":40,"column":5}},"40":{"start":{"line":41,"column":0},"end":{"line":41,"column":3}},"41":{"start":{"line":42,"column":0},"end":{"line":42,"column":34}},"42":{"start":{"line":43,"column":0},"end":{"line":43,"column":1}},"43":{"start":{"line":44,"column":0},"end":{"line":44,"column":0}},"44":{"start":{"line":45,"column":0},"end":{"line":45,"column":44}},"45":{"start":{"line":46,"column":0},"end":{"line":46,"column":39}},"46":{"start":{"line":47,"column":0},"end":{"line":47,"column":1}}},"s":{"0":1,"1":0,"2":0,"3":0,"4":0,"5":0,"6":0,"7":0,"8":0,"9":0,"10":0,"11":1,"12":1,"13":0,"14":0,"15":0,"16":0,"17":0,"18":0,"19":0,"20":0,"21":0,"22":0,"23":0,"24":0,"25":0,"26":0,"27":0,"28":0,"29":0,"30":0,"31":0,"32":0,"33":0,"34":0,"35":0,"36":0,"37":0,"38":0,"39":0,"40":0,"41":0,"42":0,"43":1,"44":1,"45":0,"46":0},"branchMap":{},"b":{},"fnMap":{"0":{"name":"getCookie","decl":{"start":{"line":1,"column":7},"end":{"line":11,"column":1}},"loc":{"start":{"line":1,"column":7},"end":{"line":11,"column":1}},"line":1},"1":{"name":"setCookie","decl":{"start":{"line":13,"column":7},"end":{"line":43,"column":1}},"loc":{"start":{"line":13,"column":7},"end":{"line":43,"column":1}},"line":13},"2":{"name":"deleteCookie","decl":{"start":{"line":45,"column":7},"end":{"line":47,"column":1}},"loc":{"start":{"line":45,"column":7},"end":{"line":47,"column":1}},"line":45}},"f":{"0":0,"1":0,"2":0}}
}
